{"C:\\Users\\Pro\\source\\repos\\eslint-plugin-no-do-expression\\lib\\index.js": {"path":"C:\\Users\\Pro\\source\\repos\\eslint-plugin-no-do-expression\\lib\\index.js","statementMap":{"0":{"start":{"line":14,"column":0},"end":{"line":44,"column":2}},"1":{"start":{"line":19,"column":8},"end":{"line":40,"column":10}},"2":{"start":{"line":21,"column":12},"end":{"line":38,"column":15}},"3":{"start":{"line":26,"column":31},"end":{"line":29,"column":17}},"4":{"start":{"line":31,"column":16},"end":{"line":33,"column":17}},"5":{"start":{"line":32,"column":18},"end":{"line":32,"column":25}},"6":{"start":{"line":34,"column":33},"end":{"line":34,"column":42}},"7":{"start":{"line":35,"column":16},"end":{"line":35,"column":55}},"8":{"start":{"line":36,"column":16},"end":{"line":36,"column":29}},"9":{"start":{"line":48,"column":2},"end":{"line":51,"column":3}},"10":{"start":{"line":49,"column":4},"end":{"line":49,"column":58}},"11":{"start":{"line":50,"column":4},"end":{"line":50,"column":11}},"12":{"start":{"line":52,"column":2},"end":{"line":63,"column":3}},"13":{"start":{"line":53,"column":24},"end":{"line":53,"column":33}},"14":{"start":{"line":55,"column":4},"end":{"line":62,"column":5}},"15":{"start":{"line":56,"column":6},"end":{"line":56,"column":65}},"16":{"start":{"line":57,"column":6},"end":{"line":57,"column":13}},"17":{"start":{"line":58,"column":11},"end":{"line":62,"column":5}},"18":{"start":{"line":59,"column":6},"end":{"line":59,"column":52}},"19":{"start":{"line":60,"column":6},"end":{"line":60,"column":51}},"20":{"start":{"line":61,"column":6},"end":{"line":61,"column":12}},"21":{"start":{"line":64,"column":2},"end":{"line":64,"column":55}},"22":{"start":{"line":64,"column":14},"end":{"line":64,"column":55}},"23":{"start":{"line":65,"column":2},"end":{"line":65,"column":54}},"24":{"start":{"line":65,"column":14},"end":{"line":65,"column":54}},"25":{"start":{"line":70,"column":17},"end":{"line":70,"column":19}},"26":{"start":{"line":71,"column":2},"end":{"line":78,"column":3}},"27":{"start":{"line":72,"column":4},"end":{"line":77,"column":5}},"28":{"start":{"line":73,"column":23},"end":{"line":73,"column":38}},"29":{"start":{"line":74,"column":22},"end":{"line":74,"column":36}},"30":{"start":{"line":75,"column":6},"end":{"line":75,"column":42}},"31":{"start":{"line":76,"column":6},"end":{"line":76,"column":41}},"32":{"start":{"line":79,"column":2},"end":{"line":79,"column":16}}},"fnMap":{"0":{"name":"(anonymous_0)","decl":{"start":{"line":18,"column":14},"end":{"line":18,"column":15}},"loc":{"start":{"line":18,"column":33},"end":{"line":41,"column":7}},"line":18},"1":{"name":"(anonymous_1)","decl":{"start":{"line":20,"column":10},"end":{"line":20,"column":11}},"loc":{"start":{"line":20,"column":29},"end":{"line":39,"column":11}},"line":20},"2":{"name":"(anonymous_2)","decl":{"start":{"line":25,"column":14},"end":{"line":25,"column":15}},"loc":{"start":{"line":25,"column":25},"end":{"line":37,"column":15}},"line":25},"3":{"name":"recursive","decl":{"start":{"line":47,"column":9},"end":{"line":47,"column":18}},"loc":{"start":{"line":47,"column":45},"end":{"line":66,"column":1}},"line":47},"4":{"name":"buildFixer","decl":{"start":{"line":69,"column":9},"end":{"line":69,"column":19}},"loc":{"start":{"line":69,"column":33},"end":{"line":80,"column":1}},"line":69}},"branchMap":{"0":{"loc":{"start":{"line":31,"column":16},"end":{"line":33,"column":17}},"type":"if","locations":[{"start":{"line":31,"column":16},"end":{"line":33,"column":17}},{"start":{"line":31,"column":16},"end":{"line":33,"column":17}}],"line":31},"1":{"loc":{"start":{"line":31,"column":20},"end":{"line":31,"column":61}},"type":"binary-expr","locations":[{"start":{"line":31,"column":20},"end":{"line":31,"column":30}},{"start":{"line":31,"column":34},"end":{"line":31,"column":61}}],"line":31},"2":{"loc":{"start":{"line":47,"column":25},"end":{"line":47,"column":36}},"type":"default-arg","locations":[{"start":{"line":47,"column":34},"end":{"line":47,"column":36}}],"line":47},"3":{"loc":{"start":{"line":48,"column":2},"end":{"line":51,"column":3}},"type":"if","locations":[{"start":{"line":48,"column":2},"end":{"line":51,"column":3}},{"start":{"line":48,"column":2},"end":{"line":51,"column":3}}],"line":48},"4":{"loc":{"start":{"line":48,"column":6},"end":{"line":48,"column":51}},"type":"binary-expr","locations":[{"start":{"line":48,"column":6},"end":{"line":48,"column":12}},{"start":{"line":48,"column":16},"end":{"line":48,"column":51}}],"line":48},"5":{"loc":{"start":{"line":52,"column":2},"end":{"line":63,"column":3}},"type":"if","locations":[{"start":{"line":52,"column":2},"end":{"line":63,"column":3}},{"start":{"line":52,"column":2},"end":{"line":63,"column":3}}],"line":52},"6":{"loc":{"start":{"line":52,"column":6},"end":{"line":52,"column":46}},"type":"binary-expr","locations":[{"start":{"line":52,"column":6},"end":{"line":52,"column":12}},{"start":{"line":52,"column":16},"end":{"line":52,"column":46}}],"line":52},"7":{"loc":{"start":{"line":55,"column":4},"end":{"line":62,"column":5}},"type":"if","locations":[{"start":{"line":55,"column":4},"end":{"line":62,"column":5}},{"start":{"line":55,"column":4},"end":{"line":62,"column":5}}],"line":55},"8":{"loc":{"start":{"line":58,"column":11},"end":{"line":62,"column":5}},"type":"if","locations":[{"start":{"line":58,"column":11},"end":{"line":62,"column":5}},{"start":{"line":58,"column":11},"end":{"line":62,"column":5}}],"line":58},"9":{"loc":{"start":{"line":64,"column":2},"end":{"line":64,"column":55}},"type":"if","locations":[{"start":{"line":64,"column":2},"end":{"line":64,"column":55}},{"start":{"line":64,"column":2},"end":{"line":64,"column":55}}],"line":64},"10":{"loc":{"start":{"line":65,"column":2},"end":{"line":65,"column":54}},"type":"if","locations":[{"start":{"line":65,"column":2},"end":{"line":65,"column":54}},{"start":{"line":65,"column":2},"end":{"line":65,"column":54}}],"line":65},"11":{"loc":{"start":{"line":72,"column":4},"end":{"line":77,"column":5}},"type":"if","locations":[{"start":{"line":72,"column":4},"end":{"line":77,"column":5}},{"start":{"line":72,"column":4},"end":{"line":77,"column":5}}],"line":72},"12":{"loc":{"start":{"line":72,"column":8},"end":{"line":72,"column":45}},"type":"binary-expr","locations":[{"start":{"line":72,"column":8},"end":{"line":72,"column":14}},{"start":{"line":72,"column":18},"end":{"line":72,"column":45}}],"line":72}},"s":{"0":1,"1":7,"2":3,"3":3,"4":3,"5":0,"6":3,"7":3,"8":3,"9":12,"10":3,"11":3,"12":9,"13":8,"14":8,"15":6,"16":6,"17":2,"18":2,"19":2,"20":2,"21":1,"22":1,"23":1,"24":1,"25":3,"26":3,"27":4,"28":3,"29":3,"30":3,"31":3,"32":3},"f":{"0":7,"1":3,"2":3,"3":12,"4":3},"b":{"0":[0,3],"1":[3,3],"2":[0],"3":[3,9],"4":[12,12],"5":[8,1],"6":[9,9],"7":[6,2],"8":[2,0],"9":[1,0],"10":[1,0],"11":[3,1],"12":[4,4]},"_coverageSchema":"1a1c01bbd47fc00a2c39e90264f33305004495a9","hash":"db8aae2797c24318eb6b6056ea402e15d9ab0d2e"}
,"C:\\Users\\Pro\\source\\repos\\eslint-plugin-no-do-expression\\tests\\utils\\eslint-options.js": {"path":"C:\\Users\\Pro\\source\\repos\\eslint-plugin-no-do-expression\\tests\\utils\\eslint-options.js","statementMap":{"0":{"start":{"line":1,"column":22},"end":{"line":10,"column":1}},"1":{"start":{"line":11,"column":0},"end":{"line":11,"column":33}}},"fnMap":{},"branchMap":{},"s":{"0":1,"1":1},"f":{},"b":{},"_coverageSchema":"1a1c01bbd47fc00a2c39e90264f33305004495a9","hash":"3bd3fe442a1da37361e80c7863a021fe80ae1073"}
}
