TN:
SF:lib\index.js
FN:18,(anonymous_0)
FN:20,(anonymous_1)
FN:25,(anonymous_2)
FN:47,recursive
FN:69,buildFixer
FNF:5
FNH:5
FNDA:7,(anonymous_0)
FNDA:3,(anonymous_1)
FNDA:3,(anonymous_2)
FNDA:12,recursive
FNDA:3,buildFixer
DA:14,1
DA:19,7
DA:21,3
DA:26,3
DA:31,3
DA:32,0
DA:34,3
DA:35,3
DA:36,3
DA:48,12
DA:49,3
DA:50,3
DA:52,9
DA:53,8
DA:55,8
DA:56,6
DA:57,6
DA:58,2
DA:59,2
DA:60,2
DA:61,2
DA:64,1
DA:65,1
DA:70,3
DA:71,3
DA:72,4
DA:73,3
DA:74,3
DA:75,3
DA:76,3
DA:79,3
LF:31
LH:30
BRDA:31,0,0,0
BRDA:31,0,1,3
BRDA:31,1,0,3
BRDA:31,1,1,3
BRDA:47,2,0,0
BRDA:48,3,0,3
BRDA:48,3,1,9
BRDA:48,4,0,12
BRDA:48,4,1,12
BRDA:52,5,0,8
BRDA:52,5,1,1
BRDA:52,6,0,9
BRDA:52,6,1,9
BRDA:55,7,0,6
BRDA:55,7,1,2
BRDA:58,8,0,2
BRDA:58,8,1,0
BRDA:64,9,0,1
BRDA:64,9,1,0
BRDA:65,10,0,1
BRDA:65,10,1,0
BRDA:72,11,0,3
BRDA:72,11,1,1
BRDA:72,12,0,4
BRDA:72,12,1,4
BRF:25
BRH:20
end_of_record
TN:
SF:tests\utils\eslint-options.js
FNF:0
FNH:0
DA:1,1
DA:11,1
LF:2
LH:2
BRF:0
BRH:0
end_of_record
